2016-11-09 10:38:12,420 DEBUG [org.apache.ibatis.logging.LogFactory] - <Logging initialized using 'org.apache.ibatis.logging.slf4j.Slf4jImpl' adapter.>
2016-11-09 10:38:13,682 DEBUG [org.mybatis.spring.SqlSessionFactoryBean] - <Parsed configuration file: 'class path resource [mybatis-config.xml]'>
2016-11-09 10:38:14,110 DEBUG [org.mybatis.spring.SqlSessionFactoryBean] - <Property 'mapperLocations' was not specified or no matching resources found>
2016-11-09 10:38:14,428 DEBUG [org.mybatis.spring.mapper.MapperScannerConfigurer$Scanner] - <Identified candidate component class: file [D:\Workspaces\eclipseWorkspace\.metadata\.plugins\org.eclipse.wst.server.core\tmp3\wtpwebapps\antree\WEB-INF\classes\com\antree\mapper\AnTreeMapper.class]>
2016-11-09 10:38:14,430 DEBUG [org.mybatis.spring.mapper.MapperScannerConfigurer$Scanner] - <Identified candidate component class: file [D:\Workspaces\eclipseWorkspace\.metadata\.plugins\org.eclipse.wst.server.core\tmp3\wtpwebapps\antree\WEB-INF\classes\com\antree\mapper\AtDictionaryMapper.class]>
2016-11-09 10:38:14,431 DEBUG [org.mybatis.spring.mapper.MapperScannerConfigurer$Scanner] - <Identified candidate component class: file [D:\Workspaces\eclipseWorkspace\.metadata\.plugins\org.eclipse.wst.server.core\tmp3\wtpwebapps\antree\WEB-INF\classes\com\antree\mapper\BaseMapper.class]>
2016-11-09 10:38:14,435 DEBUG [org.mybatis.spring.mapper.MapperScannerConfigurer$Scanner] - <Identified candidate component class: file [D:\Workspaces\eclipseWorkspace\.metadata\.plugins\org.eclipse.wst.server.core\tmp3\wtpwebapps\antree\WEB-INF\classes\com\antree\mapper\CommentMapper.class]>
2016-11-09 10:38:14,436 DEBUG [org.mybatis.spring.mapper.MapperScannerConfigurer$Scanner] - <Identified candidate component class: file [D:\Workspaces\eclipseWorkspace\.metadata\.plugins\org.eclipse.wst.server.core\tmp3\wtpwebapps\antree\WEB-INF\classes\com\antree\mapper\DiagnoseMapper.class]>
2016-11-09 10:38:14,438 DEBUG [org.mybatis.spring.mapper.MapperScannerConfigurer$Scanner] - <Identified candidate component class: file [D:\Workspaces\eclipseWorkspace\.metadata\.plugins\org.eclipse.wst.server.core\tmp3\wtpwebapps\antree\WEB-INF\classes\com\antree\mapper\ExceptionMapper.class]>
2016-11-09 10:38:14,438 DEBUG [org.mybatis.spring.mapper.MapperScannerConfigurer$Scanner] - <Identified candidate component class: file [D:\Workspaces\eclipseWorkspace\.metadata\.plugins\org.eclipse.wst.server.core\tmp3\wtpwebapps\antree\WEB-INF\classes\com\antree\mapper\PatrolMapper.class]>
2016-11-09 10:38:14,439 DEBUG [org.mybatis.spring.mapper.MapperScannerConfigurer$Scanner] - <Identified candidate component class: file [D:\Workspaces\eclipseWorkspace\.metadata\.plugins\org.eclipse.wst.server.core\tmp3\wtpwebapps\antree\WEB-INF\classes\com\antree\mapper\PictureInfoMapper.class]>
2016-11-09 10:38:14,440 DEBUG [org.mybatis.spring.mapper.MapperScannerConfigurer$Scanner] - <Identified candidate component class: file [D:\Workspaces\eclipseWorkspace\.metadata\.plugins\org.eclipse.wst.server.core\tmp3\wtpwebapps\antree\WEB-INF\classes\com\antree\mapper\QRCodeMapper.class]>
2016-11-09 10:38:14,441 DEBUG [org.mybatis.spring.mapper.MapperScannerConfigurer$Scanner] - <Identified candidate component class: file [D:\Workspaces\eclipseWorkspace\.metadata\.plugins\org.eclipse.wst.server.core\tmp3\wtpwebapps\antree\WEB-INF\classes\com\antree\mapper\SysLogMapper.class]>
2016-11-09 10:38:14,441 DEBUG [org.mybatis.spring.mapper.MapperScannerConfigurer$Scanner] - <Identified candidate component class: file [D:\Workspaces\eclipseWorkspace\.metadata\.plugins\org.eclipse.wst.server.core\tmp3\wtpwebapps\antree\WEB-INF\classes\com\antree\mapper\SysMenuBtnMapper.class]>
2016-11-09 10:38:14,443 DEBUG [org.mybatis.spring.mapper.MapperScannerConfigurer$Scanner] - <Identified candidate component class: file [D:\Workspaces\eclipseWorkspace\.metadata\.plugins\org.eclipse.wst.server.core\tmp3\wtpwebapps\antree\WEB-INF\classes\com\antree\mapper\SysMenuMapper.class]>
2016-11-09 10:38:14,443 DEBUG [org.mybatis.spring.mapper.MapperScannerConfigurer$Scanner] - <Identified candidate component class: file [D:\Workspaces\eclipseWorkspace\.metadata\.plugins\org.eclipse.wst.server.core\tmp3\wtpwebapps\antree\WEB-INF\classes\com\antree\mapper\SysRoleMapper.class]>
2016-11-09 10:38:14,444 DEBUG [org.mybatis.spring.mapper.MapperScannerConfigurer$Scanner] - <Identified candidate component class: file [D:\Workspaces\eclipseWorkspace\.metadata\.plugins\org.eclipse.wst.server.core\tmp3\wtpwebapps\antree\WEB-INF\classes\com\antree\mapper\SysRoleRelMapper.class]>
2016-11-09 10:38:14,445 DEBUG [org.mybatis.spring.mapper.MapperScannerConfigurer$Scanner] - <Identified candidate component class: file [D:\Workspaces\eclipseWorkspace\.metadata\.plugins\org.eclipse.wst.server.core\tmp3\wtpwebapps\antree\WEB-INF\classes\com\antree\mapper\SysUserMapper.class]>
2016-11-09 10:38:14,448 DEBUG [org.mybatis.spring.mapper.MapperScannerConfigurer$Scanner] - <Creating MapperFactoryBean with name 'anTreeMapper' and 'com.antree.mapper.AnTreeMapper' mapperInterface>
2016-11-09 10:38:14,455 DEBUG [org.mybatis.spring.mapper.MapperScannerConfigurer$Scanner] - <Creating MapperFactoryBean with name 'atDictionaryMapper' and 'com.antree.mapper.AtDictionaryMapper' mapperInterface>
2016-11-09 10:38:14,455 DEBUG [org.mybatis.spring.mapper.MapperScannerConfigurer$Scanner] - <Creating MapperFactoryBean with name 'baseMapper' and 'com.antree.mapper.BaseMapper' mapperInterface>
2016-11-09 10:38:14,455 DEBUG [org.mybatis.spring.mapper.MapperScannerConfigurer$Scanner] - <Creating MapperFactoryBean with name 'commentMapper' and 'com.antree.mapper.CommentMapper' mapperInterface>
2016-11-09 10:38:14,460 DEBUG [org.mybatis.spring.mapper.MapperScannerConfigurer$Scanner] - <Creating MapperFactoryBean with name 'diagnoseMapper' and 'com.antree.mapper.DiagnoseMapper' mapperInterface>
2016-11-09 10:38:14,461 DEBUG [org.mybatis.spring.mapper.MapperScannerConfigurer$Scanner] - <Creating MapperFactoryBean with name 'exceptionMapper' and 'com.antree.mapper.ExceptionMapper' mapperInterface>
2016-11-09 10:38:14,461 DEBUG [org.mybatis.spring.mapper.MapperScannerConfigurer$Scanner] - <Creating MapperFactoryBean with name 'patrolMapper' and 'com.antree.mapper.PatrolMapper' mapperInterface>
2016-11-09 10:38:14,462 DEBUG [org.mybatis.spring.mapper.MapperScannerConfigurer$Scanner] - <Creating MapperFactoryBean with name 'pictureInfoMapper' and 'com.antree.mapper.PictureInfoMapper' mapperInterface>
2016-11-09 10:38:14,465 DEBUG [org.mybatis.spring.mapper.MapperScannerConfigurer$Scanner] - <Creating MapperFactoryBean with name 'QRCodeMapper' and 'com.antree.mapper.QRCodeMapper' mapperInterface>
2016-11-09 10:38:14,465 DEBUG [org.mybatis.spring.mapper.MapperScannerConfigurer$Scanner] - <Creating MapperFactoryBean with name 'sysLogMapper' and 'com.antree.mapper.SysLogMapper' mapperInterface>
2016-11-09 10:38:14,466 DEBUG [org.mybatis.spring.mapper.MapperScannerConfigurer$Scanner] - <Creating MapperFactoryBean with name 'sysMenuBtnMapper' and 'com.antree.mapper.SysMenuBtnMapper' mapperInterface>
2016-11-09 10:38:14,466 DEBUG [org.mybatis.spring.mapper.MapperScannerConfigurer$Scanner] - <Creating MapperFactoryBean with name 'sysMenuMapper' and 'com.antree.mapper.SysMenuMapper' mapperInterface>
2016-11-09 10:38:14,467 DEBUG [org.mybatis.spring.mapper.MapperScannerConfigurer$Scanner] - <Creating MapperFactoryBean with name 'sysRoleMapper' and 'com.antree.mapper.SysRoleMapper' mapperInterface>
2016-11-09 10:38:14,467 DEBUG [org.mybatis.spring.mapper.MapperScannerConfigurer$Scanner] - <Creating MapperFactoryBean with name 'sysRoleRelMapper' and 'com.antree.mapper.SysRoleRelMapper' mapperInterface>
2016-11-09 10:38:14,467 DEBUG [org.mybatis.spring.mapper.MapperScannerConfigurer$Scanner] - <Creating MapperFactoryBean with name 'sysUserMapper' and 'com.antree.mapper.SysUserMapper' mapperInterface>
2016-11-09 10:42:21,871 DEBUG [org.mybatis.spring.SqlSessionUtils] - <Creating a new SqlSession>
2016-11-09 10:42:21,880 DEBUG [org.mybatis.spring.SqlSessionUtils] - <Registering transaction synchronization for SqlSession [org.apache.ibatis.session.defaults.DefaultSqlSession@3146a9a]>
2016-11-09 10:42:22,001 DEBUG [org.mybatis.spring.transaction.SpringManagedTransaction] - <JDBC Connection [com.mysql.jdbc.JDBC4Connection@165f5a4] will be managed by Spring>
2016-11-09 10:42:22,006 DEBUG [com.antree.mapper.PatrolMapper.add] - <ooo Using Connection [com.mysql.jdbc.JDBC4Connection@165f5a4]>
2016-11-09 10:42:22,010 DEBUG [com.antree.mapper.PatrolMapper.add] - <==>  Preparing: insert into gs_patrol(code,xcsj,xcqk,xctp,xcry,xccs,state,createTime,bz) values(?,?,?,?,?,?,?,?,?) >
2016-11-09 10:42:22,048 DEBUG [com.antree.mapper.PatrolMapper.add] - <==> Parameters: GM4000000001(String), null, dggrrgrg(String), [B@119db21f(byte[]), null, null, null, null, null>
2016-11-09 10:42:22,084 DEBUG [com.antree.mapper.PatrolMapper.add!selectKey] - <ooo Using Connection [com.mysql.jdbc.JDBC4Connection@165f5a4]>
2016-11-09 10:42:22,085 DEBUG [com.antree.mapper.PatrolMapper.add!selectKey] - <==>  Preparing: SELECT LAST_INSERT_ID() >
2016-11-09 10:42:22,085 DEBUG [com.antree.mapper.PatrolMapper.add!selectKey] - <==> Parameters: >
2016-11-09 10:42:22,114 DEBUG [org.mybatis.spring.SqlSessionUtils] - <Releasing transactional SqlSession [org.apache.ibatis.session.defaults.DefaultSqlSession@3146a9a]>
2016-11-09 10:42:22,190 DEBUG [org.mybatis.spring.SqlSessionUtils] - <Transaction synchronization committing SqlSession [org.apache.ibatis.session.defaults.DefaultSqlSession@3146a9a]>
2016-11-09 10:42:22,191 DEBUG [org.mybatis.spring.SqlSessionUtils] - <Transaction synchronization closing SqlSession [org.apache.ibatis.session.defaults.DefaultSqlSession@3146a9a]>
2016-11-09 10:44:37,494 DEBUG [org.mybatis.spring.SqlSessionUtils] - <Creating a new SqlSession>
2016-11-09 10:44:37,494 DEBUG [org.mybatis.spring.SqlSessionUtils] - <Registering transaction synchronization for SqlSession [org.apache.ibatis.session.defaults.DefaultSqlSession@1fda2b6d]>
2016-11-09 10:44:37,495 DEBUG [org.mybatis.spring.transaction.SpringManagedTransaction] - <JDBC Connection [com.mysql.jdbc.JDBC4Connection@181860e4] will be managed by Spring>
2016-11-09 10:44:37,495 DEBUG [com.antree.mapper.PatrolMapper.add] - <ooo Using Connection [com.mysql.jdbc.JDBC4Connection@181860e4]>
2016-11-09 10:44:37,495 DEBUG [com.antree.mapper.PatrolMapper.add] - <==>  Preparing: insert into gs_patrol(code,xcsj,xcqk,xctp,xcry,xccs,state,createTime,bz) values(?,?,?,?,?,?,?,?,?) >
2016-11-09 10:44:37,496 DEBUG [com.antree.mapper.PatrolMapper.add] - <==> Parameters: GM4000000001(String), null, fffffff(String), [B@76aa3e9a(byte[]), null, null, null, null, null>
2016-11-09 10:44:37,499 DEBUG [com.antree.mapper.PatrolMapper.add!selectKey] - <ooo Using Connection [com.mysql.jdbc.JDBC4Connection@181860e4]>
2016-11-09 10:44:37,499 DEBUG [com.antree.mapper.PatrolMapper.add!selectKey] - <==>  Preparing: SELECT LAST_INSERT_ID() >
2016-11-09 10:44:37,500 DEBUG [com.antree.mapper.PatrolMapper.add!selectKey] - <==> Parameters: >
2016-11-09 10:44:37,501 DEBUG [org.mybatis.spring.SqlSessionUtils] - <Releasing transactional SqlSession [org.apache.ibatis.session.defaults.DefaultSqlSession@1fda2b6d]>
2016-11-09 10:44:37,613 DEBUG [org.mybatis.spring.SqlSessionUtils] - <Transaction synchronization committing SqlSession [org.apache.ibatis.session.defaults.DefaultSqlSession@1fda2b6d]>
2016-11-09 10:44:37,614 DEBUG [org.mybatis.spring.SqlSessionUtils] - <Transaction synchronization closing SqlSession [org.apache.ibatis.session.defaults.DefaultSqlSession@1fda2b6d]>
